<?xml version="1.0" encoding="UTF-8"?>
<!-- Generated by org.testng.reporters.JUnitXMLReporter -->
<testsuite ignored="0" hostname="PF2PGWO2" failures="0" tests="5" name="SeleniumAmazon" time="81.682" errors="0" timestamp="2022-06-15T16:56:20 IST">
  <testcase classname="TestScripts.Amazon" name="LoginToWebsite" time="6.033"/>
  <testcase classname="TestScripts.Amazon" name="addRemovecart" time="34.055"/>
  <testcase classname="TestScripts.Amazon" name="GetorderDetails" time="8.252"/>
  <testcase classname="TestScripts.Amazon" name="addRemoveAddress" time="13.713"/>
  <testcase classname="TestScripts.Amazon" name="scrollToLastMobile" time="19.554"/>
</testsuite> <!-- SeleniumAmazon -->
