<?xml version="1.0" encoding="UTF-8"?>
<testng-results ignored="0" total="5" passed="5" failed="0" skipped="0">
  <reporter-output>
  </reporter-output>
  <suite started-at="2022-06-15T16:54:58 IST" name="Default Suite" finished-at="2022-06-15T16:56:20 IST" duration-ms="81682">
    <groups>
    </groups>
    <test started-at="2022-06-15T16:54:58 IST" name="SeleniumAmazon" finished-at="2022-06-15T16:56:20 IST" duration-ms="81682">
      <class name="TestScripts.Amazon">
        <test-method is-config="true" signature="openapp()[pri:0, instance:TestScripts.Amazon@460f76a6]" started-at="2022-06-15T16:54:51 IST" name="openapp" finished-at="2022-06-15T16:54:58 IST" duration-ms="7012" status="PASS">
          <reporter-output>
          </reporter-output>
        </test-method> <!-- openapp -->
        <test-method signature="LoginToWebsite()[pri:1, instance:TestScripts.Amazon@460f76a6]" started-at="2022-06-15T16:54:58 IST" name="LoginToWebsite" finished-at="2022-06-15T16:55:04 IST" duration-ms="6033" status="PASS">
          <reporter-output>
          </reporter-output>
        </test-method> <!-- LoginToWebsite -->
        <test-method signature="addRemovecart()[pri:2, instance:TestScripts.Amazon@460f76a6]" started-at="2022-06-15T16:55:04 IST" name="addRemovecart" finished-at="2022-06-15T16:55:38 IST" duration-ms="34055" status="PASS">
          <reporter-output>
          </reporter-output>
        </test-method> <!-- addRemovecart -->
        <test-method signature="GetorderDetails()[pri:3, instance:TestScripts.Amazon@460f76a6]" started-at="2022-06-15T16:55:39 IST" name="GetorderDetails" finished-at="2022-06-15T16:55:47 IST" duration-ms="8252" status="PASS">
          <reporter-output>
          </reporter-output>
        </test-method> <!-- GetorderDetails -->
        <test-method signature="addRemoveAddress()[pri:4, instance:TestScripts.Amazon@460f76a6]" started-at="2022-06-15T16:55:47 IST" name="addRemoveAddress" finished-at="2022-06-15T16:56:00 IST" duration-ms="13713" status="PASS">
          <reporter-output>
          </reporter-output>
        </test-method> <!-- addRemoveAddress -->
        <test-method signature="scrollToLastMobile()[pri:5, instance:TestScripts.Amazon@460f76a6]" started-at="2022-06-15T16:56:00 IST" name="scrollToLastMobile" finished-at="2022-06-15T16:56:20 IST" duration-ms="19554" status="PASS">
          <reporter-output>
          </reporter-output>
        </test-method> <!-- scrollToLastMobile -->
      </class> <!-- TestScripts.Amazon -->
    </test> <!-- SeleniumAmazon -->
  </suite> <!-- Default Suite -->
</testng-results>
